2025-12-11 23:23:41 | Turnstile POST - Token: 0.PMlO2HQAQDgBxFJcqZ... | Session ID: ls8el4epfnclumfclbbljv6dc1 | Detected in session: human
2025-12-11 23:23:58 | Turnstile POST - Token: 0.T-RBTfHkLEDc79Zqen... | Session ID: 2226csffsqmpkn05hg6d1k2jbl | Detected in session: human
2025-12-11 23:24:39 | Turnstile POST - Token: 0.hJ30VIPiBFQFTa2jzV... | Session ID: c97h0c4b8n9rde1eiia8b7mcfq | Detected in session: human
2025-12-11 23:26:41 | Turnstile POST - Token: 0.MSs3gHhBkVL5PUVh98... | Session ID: c97h0c4b8n9rde1eiia8b7mcfq | Detected in session: human
2025-12-11 23:31:19 | Turnstile POST - Token: 0.MSs3gHhBkVL5PUVh98... | Session ID: c97h0c4b8n9rde1eiia8b7mcfq | Detected in session: human
2025-12-11 23:31:41 | Turnstile POST - Token: 0.vGthvb6QXIMnr_9Xwj... | Session ID: sh8jtp3j58ck11ed45tfrklniu | Detected in session: human
2025-12-12 00:31:43 | Turnstile POST - Token: 0.St_Q58hSLP-y8yKlr-... | Session ID: 2qkfnu5e57e650iutaqr6uo2b2 | Detected in session: human
2025-12-12 00:58:38 | Turnstile POST - Token: ... | Session ID: me2c7ln2r38vrfbc7n8pktti7i | Detected in session: NOT SET
2025-12-12 09:58:58 | Turnstile POST - Token: 0.eN4Objn8fUSfSwnisX... | Session ID: 52gbcs0m7ejo540ntva9vsctcj | Detected in session: human
2025-12-12 09:59:18 | Turnstile POST - Token: 0.eN4Objn8fUSfSwnisX... | Session ID: 52gbcs0m7ejo540ntva9vsctcj | Detected in session: human
2025-12-12 10:30:08 | Turnstile POST - Token: 0.38crBJwvUq-oz3oF3s... | Session ID: 4v5ga1abna2bep4lfno4jm7amc | Detected in session: human
2025-12-12 14:34:58 | Turnstile POST - Token: 0.BqkV8FsOWh6aZtLVcR... | Session ID: lovn59gp9cpcebu2mu55ujqd49 | Detected in session: human
2025-12-12 14:44:32 | Turnstile POST - Token: 0.Pw7BZPGxM_wL1OZBrI... | Session ID: s591n8670obu8r09b36g89vluv | Detected in session: human
2025-12-12 15:06:10 | Turnstile POST - Token: 0.dkuZ35BujHiakHOtG_... | Session ID: hi1gi3k8drd5q2q2l2t788hv2i | Detected in session: human
2025-12-12 15:06:18 | Turnstile POST - Token: 0.JyA0JCCsKCICoGmWKV... | Session ID: qd3agnir65c80k6ch9m8p4v31b | Detected in session: human
2025-12-12 15:06:21 | Turnstile POST - Token: 0.pt-MWwlovngU0tOpNP... | Session ID: s6b88ctom7q6h6mudnqa39dmhh | Detected in session: human
2025-12-12 15:13:03 | Turnstile POST - Token: 0.qmdxjTzH7YP5uK6IMp... | Session ID: katdktgpfd0af274q1ls5h1sj9 | Detected in session: human
2025-12-12 15:14:07 | Turnstile POST - Token: 0.qmdxjTzH7YP5uK6IMp... | Session ID: katdktgpfd0af274q1ls5h1sj9 | Detected in session: human
2025-12-12 15:14:52 | Turnstile POST - Token: 0.7lTO3Hs43wuDQInv2B... | Session ID: kv9ebqbm5vib593nfgn5bst2kr | Detected in session: human
2025-12-12 19:33:21 | Turnstile POST - Token: 0.eN4Objn8fUSfSwnisX... | Session ID: fujo0ge7uauf9avpg41nlrdirp | Detected in session: NOT SET
2025-12-13 08:29:56 | Turnstile POST - Token: 0.WBL6zezU-6Z9dZt89g... | Session ID: 66m0ed93qbtabl5ice38amsc5r | Detected in session: human
2025-12-13 13:34:51 | Turnstile POST - Token: 0.PmrU1m1kFv8oKasFL4... | Session ID: a9h8brmivq7rseau04291bsp3e | Detected in session: human
2025-12-16 23:10:53 | Turnstile POST - Token: 0.vBpRDD9KpqHWREcq8S... | Session ID: alveadmhvd56d3kj04hga4uijm | Detected in session: human
